<?xml version="1.0" encoding="UTF-8"?>
<!-- Generated by org.testng.reporters.JUnitReportReporter -->
<testsuite hostname="DESKTOP-B3279NG" name="com.crm.qa.testcases.LoginPageTest" tests="1" failures="0" timestamp="11 Aug 2020 17:46:42 GMT" time="18.513" errors="0">
  <testcase name="loginPageTitleTest" time="18.513" classname="com.crm.qa.testcases.LoginPageTest"/>
</testsuite> <!-- com.crm.qa.testcases.LoginPageTest -->
