<?xml version="1.0" encoding="UTF-8"?>
<!-- Generated by org.testng.reporters.JUnitReportReporter -->
<testsuite hostname="DESKTOP-B3279NG" name="LoginPageTest" tests="1" failures="0" timestamp="11 Aug 2020 17:31:50 GMT" time="0.083" errors="0">
  <testcase name="crmLogoImageTest" time="0.083" classname="LoginPageTest"/>
</testsuite> <!-- LoginPageTest -->
