<?xml version="1.0" encoding="UTF-8"?>
<!-- Generated by org.testng.reporters.JUnitReportReporter -->
<testsuite hostname="DESKTOP-B3279NG" name="com.crm.qa.testcases.LoginPageTest" tests="2" failures="0" timestamp="12 Aug 2020 16:33:15 GMT" time="68.694" errors="0">
  <testcase name="DemoTest" time="18.546" classname="com.crm.qa.testcases.LoginPageTest"/>
  <testcase name="loginTest" time="50.148" classname="com.crm.qa.testcases.LoginPageTest"/>
</testsuite> <!-- com.crm.qa.testcases.LoginPageTest -->
